<?xml version="1.0" encoding="UTF-8"?>
<testng-results ignored="0" total="1" passed="1" failed="0" skipped="0">
  <reporter-output>
  </reporter-output>
  <suite started-at="2025-06-23T17:52:40 CLT" name="Surefire suite" finished-at="2025-06-23T17:52:43 CLT" duration-ms="2640">
    <groups>
    </groups>
    <test started-at="2025-06-23T17:52:40 CLT" name="Surefire test" finished-at="2025-06-23T17:52:43 CLT" duration-ms="2640">
      <class name="integration.IntegrationTest">
        <test-method is-config="true" signature="getSuiteByPlanIdSuiteId(org.testng.ITestContext)[pri:0, instance:integration.IntegrationTest@5a5338df]" started-at="2025-06-23T17:52:40 CLT" name="getSuiteByPlanIdSuiteId" finished-at="2025-06-23T17:52:40 CLT" duration-ms="4" status="PASS">
          <params>
            <param index="0">
              <value>
                <![CDATA[org.testng.TestRunner@115ef673]]>
              </value>
            </param>
          </params>
          <reporter-output>
          </reporter-output>
        </test-method> <!-- getSuiteByPlanIdSuiteId -->
        <test-method signature="testParallel()[pri:0, instance:integration.IntegrationTest@5a5338df]" started-at="2025-06-23T17:52:40 CLT" name="testParallel" finished-at="2025-06-23T17:52:43 CLT" duration-ms="2631" status="PASS">
          <reporter-output>
          </reporter-output>
        </test-method> <!-- testParallel -->
        <test-method is-config="true" signature="createOnAZure()[pri:0, instance:integration.IntegrationTest@5a5338df]" started-at="2025-06-23T17:52:43 CLT" name="createOnAZure" finished-at="2025-06-23T17:52:43 CLT" duration-ms="1" status="PASS">
          <reporter-output>
          </reporter-output>
        </test-method> <!-- createOnAZure -->
        <test-method is-config="true" signature="zipKarateReport()[pri:0, instance:integration.IntegrationTest@5a5338df]" started-at="2025-06-23T17:52:43 CLT" name="zipKarateReport" finished-at="2025-06-23T17:52:43 CLT" duration-ms="0" status="PASS">
          <reporter-output>
          </reporter-output>
        </test-method> <!-- zipKarateReport -->
        <test-method is-config="true" signature="setReportOnRunAzure()[pri:0, instance:integration.IntegrationTest@5a5338df]" started-at="2025-06-23T17:52:43 CLT" name="setReportOnRunAzure" finished-at="2025-06-23T17:52:43 CLT" depends-on-methods="integration.IntegrationTest.zipKarateReport" duration-ms="0" status="PASS">
          <reporter-output>
          </reporter-output>
        </test-method> <!-- setReportOnRunAzure -->
      </class> <!-- integration.IntegrationTest -->
    </test> <!-- Surefire test -->
  </suite> <!-- Surefire suite -->
</testng-results>
